SF:lib\bloc\connectivity_cubit.dart
DA:8,2
DA:10,1
DA:11,1
DA:15,2
DA:19,2
DA:23,2
DA:29,4
DA:30,9
DA:31,1
DA:32,1
DA:33,1
DA:34,1
DA:35,1
DA:36,1
DA:37,1
DA:42,2
DA:44,4
DA:45,2
LF:18
LH:18
end_of_record
SF:lib\bloc\likes_cubit.dart
DA:12,1
DA:16,1
DA:19,1
DA:21,7
DA:25,1
DA:26,3
DA:30,1
DA:31,3
DA:34,1
DA:36,2
DA:37,1
LF:11
LH:11
end_of_record
SF:lib\repository\likes_repository.dart
DA:9,1
DA:13,0
DA:16,1
DA:17,5
DA:21,0
DA:22,0
DA:26,0
DA:27,0
DA:31,0
DA:32,0
LF:10
LH:3
end_of_record
SF:lib\ui\error_page.dart
DA:10,1
DA:13,1
DA:15,1
DA:16,1
DA:18,0
DA:19,1
DA:20,1
DA:21,1
DA:22,1
DA:23,5
DA:24,1
DA:25,2
LF:12
LH:11
end_of_record
SF:lib\bloc\photo_bloc\photo_state.dart
DA:4,7
DA:6,0
DA:7,0
DA:11,6
DA:16,2
DA:18,1
DA:19,2
DA:24,1
DA:26,1
DA:27,2
LF:10
LH:8
end_of_record
SF:lib\bloc\photo_bloc\photo_event.dart
DA:4,9
DA:6,0
DA:7,0
DA:11,9
LF:4
LH:2
end_of_record
SF:lib\bloc\photo_bloc\photo_bloc.dart
DA:11,1
DA:14,1
DA:15,2
DA:21,1
DA:26,6
DA:27,3
DA:29,3
LF:7
LH:7
end_of_record
SF:lib\model\photo.dart
DA:16,2
DA:24,2
DA:25,12
DA:27,1
DA:28,1
DA:29,2
DA:30,2
DA:31,2
DA:32,2
DA:33,2
DA:37,0
DA:44,0
DA:45,0
DA:46,0
DA:47,0
DA:48,0
DA:49,0
LF:17
LH:10
end_of_record
SF:lib\repository\photo_repository.dart
DA:10,1
DA:12,0
DA:14,0
DA:19,2
DA:23,2
DA:27,2
DA:35,1
DA:39,1
DA:41,1
DA:43,3
DA:45,1
DA:46,2
DA:47,1
DA:49,2
DA:50,4
DA:52,3
DA:53,2
DA:55,4
DA:58,2
DA:59,2
DA:60,1
DA:63,2
DA:64,2
DA:65,1
LF:24
LH:22
end_of_record
SF:lib\ui\photo_list_page.dart
DA:12,1
DA:13,0
DA:14,0
DA:19,1
DA:21,2
DA:22,1
DA:23,1
DA:25,0
DA:32,0
DA:33,0
DA:34,0
DA:35,0
DA:36,0
DA:37,0
DA:39,0
DA:40,0
DA:41,0
DA:42,0
LF:18
LH:5
end_of_record
SF:lib\ui\widget\photo_card.dart
DA:6,0
DA:10,0
DA:12,0
DA:13,0
DA:14,0
DA:15,0
DA:16,0
DA:17,0
DA:18,0
DA:20,0
DA:21,0
DA:25,0
DA:26,0
DA:28,0
DA:29,0
DA:30,0
DA:32,0
DA:34,0
DA:35,0
DA:40,0
DA:42,0
LF:21
LH:0
end_of_record
SF:lib\ui\widget\like_button.dart
DA:7,0
DA:10,0
DA:12,0
DA:13,0
DA:14,0
DA:15,0
DA:17,0
DA:18,0
DA:19,0
DA:21,0
DA:22,0
DA:26,0
DA:27,0
LF:13
LH:0
end_of_record
SF:lib\main.dart
DA:13,0
DA:14,0
DA:15,0
DA:16,0
DA:19,0
DA:20,0
DA:23,0
DA:24,0
DA:26,0
DA:27,0
DA:29,0
DA:34,0
DA:35,0
DA:36,0
DA:40,2
DA:43,1
DA:45,1
DA:46,1
DA:47,1
DA:48,1
DA:49,3
DA:51,1
DA:52,1
DA:53,1
DA:54,0
DA:55,0
DA:56,0
DA:58,1
DA:59,2
DA:60,1
LF:30
LH:13
end_of_record
SF:lib\ui\home_page.dart
DA:10,1
DA:15,1
DA:17,1
DA:18,1
DA:19,1
DA:23,1
DA:24,1
DA:25,1
DA:26,0
DA:27,0
DA:28,0
DA:29,0
DA:31,0
DA:32,0
DA:38,1
LF:15
LH:9
end_of_record
